[2026-03-10T15:35:39.9279471][Launcher][main][INFO]: Application started
[2026-03-10T15:35:39.9379478][Launcher][main][DEBUG]: Sum at iteration 1 is 1
[2026-03-10T15:35:39.9509489][Launcher][main][DEBUG]: Sum at iteration 2 is 3
[2026-03-10T15:35:39.9519545][Launcher][main][DEBUG]: Sum at iteration 3 is 6
[2026-03-10T15:35:39.9529525][Launcher][main][DEBUG]: Sum at iteration 4 is 10
[2026-03-10T15:35:39.9559507][Launcher][main][DEBUG]: Sum at iteration 5 is 15
[2026-03-10T15:35:39.9599565][Launcher][main][DEBUG]: Sum at iteration 6 is 21
[2026-03-10T15:35:39.9609526][Launcher][main][DEBUG]: Sum at iteration 7 is 28
[2026-03-10T15:35:39.9609526][Launcher][main][DEBUG]: Sum at iteration 8 is 36
[2026-03-10T15:35:39.9619525][Launcher][main][DEBUG]: Sum at iteration 9 is 45
[2026-03-10T15:35:39.9629519][Launcher][main][DEBUG]: Sum at iteration 10 is 55
[2026-03-10T15:35:39.9633743][Launcher][main][DEBUG]: Sum at iteration 11 is 66
[2026-03-10T15:35:39.9643843][Launcher][main][DEBUG]: Sum at iteration 12 is 78
[2026-03-10T15:35:39.9643843][Launcher][main][DEBUG]: Sum at iteration 13 is 91
[2026-03-10T15:35:39.9653934][Launcher][main][DEBUG]: Sum at iteration 14 is 105
[2026-03-10T15:35:39.9653934][Launcher][main][DEBUG]: Sum at iteration 15 is 120
[2026-03-10T15:35:39.9653934][Launcher][main][DEBUG]: Sum at iteration 16 is 136
[2026-03-10T15:35:39.9666223][Launcher][main][DEBUG]: Sum at iteration 17 is 153
[2026-03-10T15:35:39.9666223][Launcher][main][DEBUG]: Sum at iteration 18 is 171
[2026-03-10T15:35:39.9676375][Launcher][main][DEBUG]: Sum at iteration 19 is 190
[2026-03-10T15:35:39.9681501][Launcher][main][DEBUG]: Sum at iteration 20 is 210
[2026-03-10T15:35:39.9686637][Launcher][main][DEBUG]: Sum at iteration 21 is 231
[2026-03-10T15:35:39.9686637][Launcher][main][DEBUG]: Sum at iteration 22 is 253
[2026-03-10T15:35:39.9701893][Launcher][main][DEBUG]: Sum at iteration 23 is 276
[2026-03-10T15:35:39.9707071][Launcher][main][DEBUG]: Sum at iteration 24 is 300
[2026-03-10T15:35:39.9707071][Launcher][main][DEBUG]: Sum at iteration 25 is 325
[2026-03-10T15:35:39.9722441][Launcher][main][DEBUG]: Sum at iteration 26 is 351
[2026-03-10T15:35:39.9727533][Launcher][main][DEBUG]: Sum at iteration 27 is 378
[2026-03-10T15:35:39.9737678][Launcher][main][DEBUG]: Sum at iteration 28 is 406
[2026-03-10T15:35:39.9742787][Launcher][main][DEBUG]: Sum at iteration 29 is 435
[2026-03-10T15:35:39.9742787][Launcher][main][DEBUG]: Sum at iteration 30 is 465
[2026-03-10T15:35:39.9742787][Launcher][main][DEBUG]: Sum at iteration 31 is 496
[2026-03-10T15:35:39.9752911][Launcher][main][DEBUG]: Sum at iteration 32 is 528
[2026-03-10T15:35:39.9762917][Launcher][main][DEBUG]: Sum at iteration 33 is 561
[2026-03-10T15:35:39.9762917][Launcher][main][DEBUG]: Sum at iteration 34 is 595
[2026-03-10T15:35:39.9772904][Launcher][main][DEBUG]: Sum at iteration 35 is 630
[2026-03-10T15:35:39.9772904][Launcher][main][DEBUG]: Sum at iteration 36 is 666
[2026-03-10T15:35:39.978292][Launcher][main][DEBUG]: Sum at iteration 37 is 703
[2026-03-10T15:35:39.978292][Launcher][main][DEBUG]: Sum at iteration 38 is 741
[2026-03-10T15:35:39.9792908][Launcher][main][DEBUG]: Sum at iteration 39 is 780
[2026-03-10T15:35:39.9792908][Launcher][main][DEBUG]: Sum at iteration 40 is 820
[2026-03-10T15:35:39.9792908][Launcher][main][DEBUG]: Sum at iteration 41 is 861
[2026-03-10T15:35:39.9802911][Launcher][main][DEBUG]: Sum at iteration 42 is 903
[2026-03-10T15:35:39.9802911][Launcher][main][DEBUG]: Sum at iteration 43 is 946
[2026-03-10T15:35:39.9812885][Launcher][main][DEBUG]: Sum at iteration 44 is 990
[2026-03-10T15:35:39.9812885][Launcher][main][DEBUG]: Sum at iteration 45 is 1035
[2026-03-10T15:35:39.9812885][Launcher][main][DEBUG]: Sum at iteration 46 is 1081
[2026-03-10T15:35:39.9822923][Launcher][main][DEBUG]: Sum at iteration 47 is 1128
[2026-03-10T15:35:39.9822923][Launcher][main][DEBUG]: Sum at iteration 48 is 1176
[2026-03-10T15:35:39.9822923][Launcher][main][DEBUG]: Sum at iteration 49 is 1225
[2026-03-10T15:35:39.9832913][Launcher][main][DEBUG]: Sum at iteration 50 is 1275
[2026-03-10T15:35:39.9832913][Launcher][main][DEBUG]: Sum at iteration 51 is 1326
[2026-03-10T15:35:39.9842908][Launcher][main][DEBUG]: Sum at iteration 52 is 1378
[2026-03-10T15:35:39.985293][Launcher][main][DEBUG]: Sum at iteration 53 is 1431
[2026-03-10T15:35:39.985293][Launcher][main][DEBUG]: Sum at iteration 54 is 1485
[2026-03-10T15:35:39.9862937][Launcher][main][DEBUG]: Sum at iteration 55 is 1540
[2026-03-10T15:35:39.9862937][Launcher][main][DEBUG]: Sum at iteration 56 is 1596
[2026-03-10T15:35:39.9872909][Launcher][main][DEBUG]: Sum at iteration 57 is 1653
[2026-03-10T15:35:39.9872909][Launcher][main][DEBUG]: Sum at iteration 58 is 1711
[2026-03-10T15:35:39.9882925][Launcher][main][DEBUG]: Sum at iteration 59 is 1770
[2026-03-10T15:35:39.9903036][Launcher][main][DEBUG]: Sum at iteration 60 is 1830
[2026-03-10T15:35:39.9913148][Launcher][main][DEBUG]: Sum at iteration 61 is 1891
[2026-03-10T15:35:39.9933132][Launcher][main][DEBUG]: Sum at iteration 62 is 1953
[2026-03-10T15:35:39.994311][Launcher][main][DEBUG]: Sum at iteration 63 is 2016
[2026-03-10T15:35:39.994311][Launcher][main][DEBUG]: Sum at iteration 64 is 2080
[2026-03-10T15:35:39.9952953][Launcher][main][DEBUG]: Sum at iteration 65 is 2145
[2026-03-10T15:35:39.9962994][Launcher][main][DEBUG]: Sum at iteration 66 is 2211
[2026-03-10T15:35:39.9972963][Launcher][main][DEBUG]: Sum at iteration 67 is 2278
[2026-03-10T15:35:39.9982912][Launcher][main][DEBUG]: Sum at iteration 68 is 2346
[2026-03-10T15:35:39.9982912][Launcher][main][DEBUG]: Sum at iteration 69 is 2415
[2026-03-10T15:35:39.9992915][Launcher][main][DEBUG]: Sum at iteration 70 is 2485
[2026-03-10T15:35:39.9992915][Launcher][main][DEBUG]: Sum at iteration 71 is 2556
[2026-03-10T15:35:40.0002929][Launcher][main][DEBUG]: Sum at iteration 72 is 2628
[2026-03-10T15:35:40.0012928][Launcher][main][DEBUG]: Sum at iteration 73 is 2701
[2026-03-10T15:35:40.0012928][Launcher][main][DEBUG]: Sum at iteration 74 is 2775
[2026-03-10T15:35:40.0022916][Launcher][main][DEBUG]: Sum at iteration 75 is 2850
[2026-03-10T15:35:40.0032922][Launcher][main][DEBUG]: Sum at iteration 76 is 2926
[2026-03-10T15:35:40.0032922][Launcher][main][DEBUG]: Sum at iteration 77 is 3003
[2026-03-10T15:35:40.0042925][Launcher][main][DEBUG]: Sum at iteration 78 is 3081
[2026-03-10T15:35:40.0042925][Launcher][main][DEBUG]: Sum at iteration 79 is 3160
[2026-03-10T15:35:40.0042925][Launcher][main][DEBUG]: Sum at iteration 80 is 3240
[2026-03-10T15:35:40.0052918][Launcher][main][DEBUG]: Sum at iteration 81 is 3321
[2026-03-10T15:35:40.0052918][Launcher][main][DEBUG]: Sum at iteration 82 is 3403
[2026-03-10T15:35:40.0062906][Launcher][main][DEBUG]: Sum at iteration 83 is 3486
[2026-03-10T15:35:40.0062906][Launcher][main][DEBUG]: Sum at iteration 84 is 3570
[2026-03-10T15:35:40.0062906][Launcher][main][DEBUG]: Sum at iteration 85 is 3655
[2026-03-10T15:35:40.0072894][Launcher][main][DEBUG]: Sum at iteration 86 is 3741
[2026-03-10T15:35:40.0072894][Launcher][main][DEBUG]: Sum at iteration 87 is 3828
[2026-03-10T15:35:40.0082905][Launcher][main][DEBUG]: Sum at iteration 88 is 3916
[2026-03-10T15:35:40.0082905][Launcher][main][DEBUG]: Sum at iteration 89 is 4005
[2026-03-10T15:35:40.0093032][Launcher][main][DEBUG]: Sum at iteration 90 is 4095
[2026-03-10T15:35:40.0093032][Launcher][main][DEBUG]: Sum at iteration 91 is 4186
[2026-03-10T15:35:40.0093032][Launcher][main][DEBUG]: Sum at iteration 92 is 4278
[2026-03-10T15:35:40.0103032][Launcher][main][DEBUG]: Sum at iteration 93 is 4371
[2026-03-10T15:35:40.0103032][Launcher][main][DEBUG]: Sum at iteration 94 is 4465
[2026-03-10T15:35:40.0103032][Launcher][main][DEBUG]: Sum at iteration 95 is 4560
[2026-03-10T15:35:40.0113028][Launcher][main][DEBUG]: Sum at iteration 96 is 4656
[2026-03-10T15:35:40.0113028][Launcher][main][DEBUG]: Sum at iteration 97 is 4753
[2026-03-10T15:35:40.0123038][Launcher][main][DEBUG]: Sum at iteration 98 is 4851
[2026-03-10T15:35:40.0123038][Launcher][main][DEBUG]: Sum at iteration 99 is 4950
[2026-03-10T15:35:40.0133037][Launcher][main][DEBUG]: Sum at iteration 100 is 5050
[2026-03-10T15:35:40.0133037][Launcher][main][INFO]: Sum = 5050
[2026-03-10T15:35:40.0133037][Launcher][main][INFO]: Application finished
[2026-03-10T15:35:55.0250071][Launcher][main][INFO]: Application started
[2026-03-10T15:35:55.0385122][Launcher][main][DEBUG]: Sum at iteration 1 is 1
[2026-03-10T15:35:55.0515229][Launcher][main][DEBUG]: Sum at iteration 2 is 3
[2026-03-10T15:35:55.0525237][Launcher][main][DEBUG]: Sum at iteration 3 is 6
[2026-03-10T15:35:55.0525237][Launcher][main][DEBUG]: Sum at iteration 4 is 10
[2026-03-10T15:35:55.0535273][Launcher][main][DEBUG]: Sum at iteration 5 is 15
[2026-03-10T15:35:55.0535273][Launcher][main][DEBUG]: Sum at iteration 6 is 21
[2026-03-10T15:35:55.0535273][Launcher][main][DEBUG]: Sum at iteration 7 is 28
[2026-03-10T15:35:55.0535273][Launcher][main][DEBUG]: Sum at iteration 8 is 36
[2026-03-10T15:35:55.0545242][Launcher][main][DEBUG]: Sum at iteration 9 is 45
[2026-03-10T15:35:55.0545242][Launcher][main][DEBUG]: Sum at iteration 10 is 55
[2026-03-10T15:35:55.0555285][Launcher][main][DEBUG]: Sum at iteration 11 is 66
[2026-03-10T15:35:55.0555285][Launcher][main][DEBUG]: Sum at iteration 12 is 78
[2026-03-10T15:35:55.0575346][Launcher][main][DEBUG]: Sum at iteration 13 is 91
[2026-03-10T15:35:55.0595256][Launcher][main][DEBUG]: Sum at iteration 14 is 105
[2026-03-10T15:35:55.0595256][Launcher][main][DEBUG]: Sum at iteration 15 is 120
[2026-03-10T15:35:55.0605236][Launcher][main][DEBUG]: Sum at iteration 16 is 136
[2026-03-10T15:35:55.0615255][Launcher][main][DEBUG]: Sum at iteration 17 is 153
[2026-03-10T15:35:55.0615255][Launcher][main][DEBUG]: Sum at iteration 18 is 171
[2026-03-10T15:35:55.0625288][Launcher][main][DEBUG]: Sum at iteration 19 is 190
[2026-03-10T15:35:55.0625288][Launcher][main][DEBUG]: Sum at iteration 20 is 210
[2026-03-10T15:35:55.0635285][Launcher][main][DEBUG]: Sum at iteration 21 is 231
[2026-03-10T15:35:55.0635285][Launcher][main][DEBUG]: Sum at iteration 22 is 253
[2026-03-10T15:35:55.0645238][Launcher][main][DEBUG]: Sum at iteration 23 is 276
[2026-03-10T15:35:55.0645238][Launcher][main][DEBUG]: Sum at iteration 24 is 300
[2026-03-10T15:35:55.0655242][Launcher][main][DEBUG]: Sum at iteration 25 is 325
[2026-03-10T15:35:55.0655242][Launcher][main][DEBUG]: Sum at iteration 26 is 351
[2026-03-10T15:35:55.0655242][Launcher][main][DEBUG]: Sum at iteration 27 is 378
[2026-03-10T15:35:55.0665256][Launcher][main][DEBUG]: Sum at iteration 28 is 406
[2026-03-10T15:35:55.0665256][Launcher][main][DEBUG]: Sum at iteration 29 is 435
[2026-03-10T15:35:55.0675249][Launcher][main][DEBUG]: Sum at iteration 30 is 465
[2026-03-10T15:35:55.0675249][Launcher][main][DEBUG]: Sum at iteration 31 is 496
[2026-03-10T15:35:55.0675249][Launcher][main][DEBUG]: Sum at iteration 32 is 528
[2026-03-10T15:35:55.0675249][Launcher][main][DEBUG]: Sum at iteration 33 is 561
[2026-03-10T15:35:55.0685256][Launcher][main][DEBUG]: Sum at iteration 34 is 595
[2026-03-10T15:35:55.0685256][Launcher][main][DEBUG]: Sum at iteration 35 is 630
[2026-03-10T15:35:55.0695231][Launcher][main][DEBUG]: Sum at iteration 36 is 666
[2026-03-10T15:35:55.0695231][Launcher][main][DEBUG]: Sum at iteration 37 is 703
[2026-03-10T15:35:55.0695231][Launcher][main][DEBUG]: Sum at iteration 38 is 741
[2026-03-10T15:35:55.0705282][Launcher][main][DEBUG]: Sum at iteration 39 is 780
[2026-03-10T15:35:55.0705282][Launcher][main][DEBUG]: Sum at iteration 40 is 820
[2026-03-10T15:35:55.0705282][Launcher][main][DEBUG]: Sum at iteration 41 is 861
[2026-03-10T15:35:55.071523][Launcher][main][DEBUG]: Sum at iteration 42 is 903
[2026-03-10T15:35:55.071523][Launcher][main][DEBUG]: Sum at iteration 43 is 946
[2026-03-10T15:35:55.071523][Launcher][main][DEBUG]: Sum at iteration 44 is 990
[2026-03-10T15:35:55.0725235][Launcher][main][DEBUG]: Sum at iteration 45 is 1035
[2026-03-10T15:35:55.0725235][Launcher][main][DEBUG]: Sum at iteration 46 is 1081
[2026-03-10T15:35:55.0725235][Launcher][main][DEBUG]: Sum at iteration 47 is 1128
[2026-03-10T15:35:55.0735232][Launcher][main][DEBUG]: Sum at iteration 48 is 1176
[2026-03-10T15:35:55.0735232][Launcher][main][DEBUG]: Sum at iteration 49 is 1225
[2026-03-10T15:35:55.0735232][Launcher][main][DEBUG]: Sum at iteration 50 is 1275
[2026-03-10T15:35:55.0745247][Launcher][main][DEBUG]: Sum at iteration 51 is 1326
[2026-03-10T15:35:55.0745247][Launcher][main][DEBUG]: Sum at iteration 52 is 1378
[2026-03-10T15:35:55.0745247][Launcher][main][DEBUG]: Sum at iteration 53 is 1431
[2026-03-10T15:35:55.075524][Launcher][main][DEBUG]: Sum at iteration 54 is 1485
[2026-03-10T15:35:55.075524][Launcher][main][DEBUG]: Sum at iteration 55 is 1540
[2026-03-10T15:35:55.0765235][Launcher][main][DEBUG]: Sum at iteration 56 is 1596
[2026-03-10T15:35:55.0765235][Launcher][main][DEBUG]: Sum at iteration 57 is 1653
[2026-03-10T15:35:55.0775246][Launcher][main][DEBUG]: Sum at iteration 58 is 1711
[2026-03-10T15:35:55.0775246][Launcher][main][DEBUG]: Sum at iteration 59 is 1770
[2026-03-10T15:35:55.0775246][Launcher][main][DEBUG]: Sum at iteration 60 is 1830
[2026-03-10T15:35:55.0785235][Launcher][main][DEBUG]: Sum at iteration 61 is 1891
[2026-03-10T15:35:55.0785235][Launcher][main][DEBUG]: Sum at iteration 62 is 1953
[2026-03-10T15:35:55.0785235][Launcher][main][DEBUG]: Sum at iteration 63 is 2016
[2026-03-10T15:35:55.0795354][Launcher][main][DEBUG]: Sum at iteration 64 is 2080
[2026-03-10T15:35:55.0795354][Launcher][main][DEBUG]: Sum at iteration 65 is 2145
[2026-03-10T15:35:55.0805242][Launcher][main][DEBUG]: Sum at iteration 66 is 2211
[2026-03-10T15:35:55.0815258][Launcher][main][DEBUG]: Sum at iteration 67 is 2278
[2026-03-10T15:35:55.0825234][Launcher][main][DEBUG]: Sum at iteration 68 is 2346
[2026-03-10T15:35:55.0825234][Launcher][main][DEBUG]: Sum at iteration 69 is 2415
[2026-03-10T15:35:55.0835224][Launcher][main][DEBUG]: Sum at iteration 70 is 2485
[2026-03-10T15:35:55.0835224][Launcher][main][DEBUG]: Sum at iteration 71 is 2556
[2026-03-10T15:35:55.0835224][Launcher][main][DEBUG]: Sum at iteration 72 is 2628
[2026-03-10T15:35:55.084524][Launcher][main][DEBUG]: Sum at iteration 73 is 2701
[2026-03-10T15:35:55.0855234][Launcher][main][DEBUG]: Sum at iteration 74 is 2775
[2026-03-10T15:35:55.0855234][Launcher][main][DEBUG]: Sum at iteration 75 is 2850
[2026-03-10T15:35:55.0865266][Launcher][main][DEBUG]: Sum at iteration 76 is 2926
[2026-03-10T15:35:55.0865266][Launcher][main][DEBUG]: Sum at iteration 77 is 3003
[2026-03-10T15:35:55.0875248][Launcher][main][DEBUG]: Sum at iteration 78 is 3081
[2026-03-10T15:35:55.0875248][Launcher][main][DEBUG]: Sum at iteration 79 is 3160
[2026-03-10T15:35:55.0895301][Launcher][main][DEBUG]: Sum at iteration 80 is 3240
[2026-03-10T15:35:55.0905379][Launcher][main][DEBUG]: Sum at iteration 81 is 3321
[2026-03-10T15:35:55.0915405][Launcher][main][DEBUG]: Sum at iteration 82 is 3403
[2026-03-10T15:35:55.0925309][Launcher][main][DEBUG]: Sum at iteration 83 is 3486
[2026-03-10T15:35:55.0925309][Launcher][main][DEBUG]: Sum at iteration 84 is 3570
[2026-03-10T15:35:55.0935314][Launcher][main][DEBUG]: Sum at iteration 85 is 3655
[2026-03-10T15:35:55.0935314][Launcher][main][DEBUG]: Sum at iteration 86 is 3741
[2026-03-10T15:35:55.0945261][Launcher][main][DEBUG]: Sum at iteration 87 is 3828
[2026-03-10T15:35:55.0945261][Launcher][main][DEBUG]: Sum at iteration 88 is 3916
[2026-03-10T15:35:55.0955266][Launcher][main][DEBUG]: Sum at iteration 89 is 4005
[2026-03-10T15:35:55.0955266][Launcher][main][DEBUG]: Sum at iteration 90 is 4095
[2026-03-10T15:35:55.0965238][Launcher][main][DEBUG]: Sum at iteration 91 is 4186
[2026-03-10T15:35:55.0965238][Launcher][main][DEBUG]: Sum at iteration 92 is 4278
[2026-03-10T15:35:55.0975235][Launcher][main][DEBUG]: Sum at iteration 93 is 4371
[2026-03-10T15:35:55.0975235][Launcher][main][DEBUG]: Sum at iteration 94 is 4465
[2026-03-10T15:35:55.0975235][Launcher][main][DEBUG]: Sum at iteration 95 is 4560
[2026-03-10T15:35:55.0985262][Launcher][main][DEBUG]: Sum at iteration 96 is 4656
[2026-03-10T15:35:55.0995248][Launcher][main][DEBUG]: Sum at iteration 97 is 4753
[2026-03-10T15:35:55.0995248][Launcher][main][DEBUG]: Sum at iteration 98 is 4851
[2026-03-10T15:35:55.0995248][Launcher][main][DEBUG]: Sum at iteration 99 is 4950
[2026-03-10T15:35:55.1005283][Launcher][main][DEBUG]: Sum at iteration 100 is 5050
[2026-03-10T15:35:55.1005283][Launcher][main][INFO]: Sum = 5050
[2026-03-10T15:35:55.1015288][Launcher][main][INFO]: Application finished
Application startedSum at iteration 1 is 1Sum at iteration 2 is 3Sum at iteration 3 is 6Sum at iteration 4 is 10Sum at iteration 5 is 15Sum at iteration 6 is 21Sum at iteration 7 is 28Sum at iteration 8 is 36Sum at iteration 9 is 45Sum at iteration 10 is 55Sum at iteration 11 is 66Sum at iteration 12 is 78Sum at iteration 13 is 91Sum at iteration 14 is 105Sum at iteration 15 is 120Sum at iteration 16 is 136Sum at iteration 17 is 153Sum at iteration 18 is 171Sum at iteration 19 is 190Sum at iteration 20 is 210Sum at iteration 21 is 231Sum at iteration 22 is 253Sum at iteration 23 is 276Sum at iteration 24 is 300Sum at iteration 25 is 325Sum at iteration 26 is 351Sum at iteration 27 is 378Sum at iteration 28 is 406Sum at iteration 29 is 435Sum at iteration 30 is 465Sum at iteration 31 is 496Sum at iteration 32 is 528Sum at iteration 33 is 561Sum at iteration 34 is 595Sum at iteration 35 is 630Sum at iteration 36 is 666Sum at iteration 37 is 703Sum at iteration 38 is 741Sum at iteration 39 is 780Sum at iteration 40 is 820Sum at iteration 41 is 861Sum at iteration 42 is 903Sum at iteration 43 is 946Sum at iteration 44 is 990Sum at iteration 45 is 1035Sum at iteration 46 is 1081Sum at iteration 47 is 1128Sum at iteration 48 is 1176Sum at iteration 49 is 1225Sum at iteration 50 is 1275Sum at iteration 51 is 1326Sum at iteration 52 is 1378Sum at iteration 53 is 1431Sum at iteration 54 is 1485Sum at iteration 55 is 1540Sum at iteration 56 is 1596Sum at iteration 57 is 1653Sum at iteration 58 is 1711Sum at iteration 59 is 1770Sum at iteration 60 is 1830Sum at iteration 61 is 1891Sum at iteration 62 is 1953Sum at iteration 63 is 2016Sum at iteration 64 is 2080Sum at iteration 65 is 2145Sum at iteration 66 is 2211Sum at iteration 67 is 2278Sum at iteration 68 is 2346Sum at iteration 69 is 2415Sum at iteration 70 is 2485Sum at iteration 71 is 2556Sum at iteration 72 is 2628Sum at iteration 73 is 2701Sum at iteration 74 is 2775Sum at iteration 75 is 2850Sum at iteration 76 is 2926Sum at iteration 77 is 3003Sum at iteration 78 is 3081Sum at iteration 79 is 3160Sum at iteration 80 is 3240Sum at iteration 81 is 3321Sum at iteration 82 is 3403Sum at iteration 83 is 3486Sum at iteration 84 is 3570Sum at iteration 85 is 3655Sum at iteration 86 is 3741Sum at iteration 87 is 3828Sum at iteration 88 is 3916Sum at iteration 89 is 4005Sum at iteration 90 is 4095Sum at iteration 91 is 4186Sum at iteration 92 is 4278Sum at iteration 93 is 4371Sum at iteration 94 is 4465Sum at iteration 95 is 4560Sum at iteration 96 is 4656Sum at iteration 97 is 4753Sum at iteration 98 is 4851Sum at iteration 99 is 4950Sum at iteration 100 is 5050Sum = 5050Application finishedApplication started[2026-03-10T15:55:34.6828093][main][Launcher]: Application started
[2026-03-10T15:55:34.6948072][main][Launcher]: Sum at iteration 1 is 1
[2026-03-10T15:55:34.7098068][main][Launcher]: Sum at iteration 2 is 3
[2026-03-10T15:55:34.7108075][main][Launcher]: Sum at iteration 3 is 6
[2026-03-10T15:55:34.7108075][main][Launcher]: Sum at iteration 4 is 10
[2026-03-10T15:55:34.7118081][main][Launcher]: Sum at iteration 5 is 15
[2026-03-10T15:55:34.7118081][main][Launcher]: Sum at iteration 6 is 21
[2026-03-10T15:55:34.7128222][main][Launcher]: Sum at iteration 7 is 28
[2026-03-10T15:55:34.713819][main][Launcher]: Sum at iteration 8 is 36
[2026-03-10T15:55:34.713819][main][Launcher]: Sum at iteration 9 is 45
[2026-03-10T15:55:34.7148213][main][Launcher]: Sum at iteration 10 is 55
[2026-03-10T15:55:34.7158249][main][Launcher]: Sum at iteration 11 is 66
[2026-03-10T15:55:34.7158249][main][Launcher]: Sum at iteration 12 is 78
[2026-03-10T15:55:34.7168225][main][Launcher]: Sum at iteration 13 is 91
[2026-03-10T15:55:34.7178239][main][Launcher]: Sum at iteration 14 is 105
[2026-03-10T15:55:34.7178239][main][Launcher]: Sum at iteration 15 is 120
[2026-03-10T15:55:34.7188217][main][Launcher]: Sum at iteration 16 is 136
[2026-03-10T15:55:34.7198201][main][Launcher]: Sum at iteration 17 is 153
[2026-03-10T15:55:34.7208193][main][Launcher]: Sum at iteration 18 is 171
[2026-03-10T15:55:34.7208193][main][Launcher]: Sum at iteration 19 is 190
[2026-03-10T15:55:34.7218213][main][Launcher]: Sum at iteration 20 is 210
[2026-03-10T15:55:34.7218213][main][Launcher]: Sum at iteration 21 is 231
[2026-03-10T15:55:34.7228283][main][Launcher]: Sum at iteration 22 is 253
[2026-03-10T15:55:34.7248381][main][Launcher]: Sum at iteration 23 is 276
[2026-03-10T15:55:34.7258185][main][Launcher]: Sum at iteration 24 is 300
[2026-03-10T15:55:34.7258185][main][Launcher]: Sum at iteration 25 is 325
[2026-03-10T15:55:34.727332][main][Launcher]: Sum at iteration 26 is 351
[2026-03-10T15:55:34.7283471][main][Launcher]: Sum at iteration 27 is 378
[2026-03-10T15:55:34.7283471][main][Launcher]: Sum at iteration 28 is 406
[2026-03-10T15:55:34.7293464][main][Launcher]: Sum at iteration 29 is 435
[2026-03-10T15:55:34.7303485][main][Launcher]: Sum at iteration 30 is 465
[2026-03-10T15:55:34.7303485][main][Launcher]: Sum at iteration 31 is 496
[2026-03-10T15:55:34.7313502][main][Launcher]: Sum at iteration 32 is 528
[2026-03-10T15:55:34.7313502][main][Launcher]: Sum at iteration 33 is 561
[2026-03-10T15:55:34.732349][main][Launcher]: Sum at iteration 34 is 595
[2026-03-10T15:55:34.7333449][main][Launcher]: Sum at iteration 35 is 630
[2026-03-10T15:55:34.7333449][main][Launcher]: Sum at iteration 36 is 666
[2026-03-10T15:55:34.7343514][main][Launcher]: Sum at iteration 37 is 703
[2026-03-10T15:55:34.7343514][main][Launcher]: Sum at iteration 38 is 741
[2026-03-10T15:55:34.7353451][main][Launcher]: Sum at iteration 39 is 780
[2026-03-10T15:55:34.7353451][main][Launcher]: Sum at iteration 40 is 820
[2026-03-10T15:55:34.7363483][main][Launcher]: Sum at iteration 41 is 861
[2026-03-10T15:55:34.7373461][main][Launcher]: Sum at iteration 42 is 903
[2026-03-10T15:55:34.7383464][main][Launcher]: Sum at iteration 43 is 946
[2026-03-10T15:55:34.7383464][main][Launcher]: Sum at iteration 44 is 990
[2026-03-10T15:55:34.7393493][main][Launcher]: Sum at iteration 45 is 1035
[2026-03-10T15:55:34.7393493][main][Launcher]: Sum at iteration 46 is 1081
[2026-03-10T15:55:34.740346][main][Launcher]: Sum at iteration 47 is 1128
[2026-03-10T15:55:34.740346][main][Launcher]: Sum at iteration 48 is 1176
[2026-03-10T15:55:34.7413431][main][Launcher]: Sum at iteration 49 is 1225
[2026-03-10T15:55:34.7413431][main][Launcher]: Sum at iteration 50 is 1275
[2026-03-10T15:55:34.7423463][main][Launcher]: Sum at iteration 51 is 1326
[2026-03-10T15:55:34.7423463][main][Launcher]: Sum at iteration 52 is 1378
[2026-03-10T15:55:34.7433441][main][Launcher]: Sum at iteration 53 is 1431
[2026-03-10T15:55:34.7433441][main][Launcher]: Sum at iteration 54 is 1485
[2026-03-10T15:55:34.7443458][main][Launcher]: Sum at iteration 55 is 1540
[2026-03-10T15:55:34.7443458][main][Launcher]: Sum at iteration 56 is 1596
[2026-03-10T15:55:34.7453449][main][Launcher]: Sum at iteration 57 is 1653
[2026-03-10T15:55:34.7453449][main][Launcher]: Sum at iteration 58 is 1711
[2026-03-10T15:55:34.7463454][main][Launcher]: Sum at iteration 59 is 1770
[2026-03-10T15:55:34.747345][main][Launcher]: Sum at iteration 60 is 1830
[2026-03-10T15:55:34.747345][main][Launcher]: Sum at iteration 61 is 1891
[2026-03-10T15:55:34.7483481][main][Launcher]: Sum at iteration 62 is 1953
[2026-03-10T15:55:34.7483481][main][Launcher]: Sum at iteration 63 is 2016
[2026-03-10T15:55:34.7493476][main][Launcher]: Sum at iteration 64 is 2080
[2026-03-10T15:55:34.7493476][main][Launcher]: Sum at iteration 65 is 2145
[2026-03-10T15:55:34.7503464][main][Launcher]: Sum at iteration 66 is 2211
[2026-03-10T15:55:34.7513456][main][Launcher]: Sum at iteration 67 is 2278
[2026-03-10T15:55:34.7513456][main][Launcher]: Sum at iteration 68 is 2346
[2026-03-10T15:55:34.7523458][main][Launcher]: Sum at iteration 69 is 2415
[2026-03-10T15:55:34.7523458][main][Launcher]: Sum at iteration 70 is 2485
[2026-03-10T15:55:34.7533441][main][Launcher]: Sum at iteration 71 is 2556
[2026-03-10T15:55:34.7543445][main][Launcher]: Sum at iteration 72 is 2628
[2026-03-10T15:55:34.7543445][main][Launcher]: Sum at iteration 73 is 2701
[2026-03-10T15:55:34.7543445][main][Launcher]: Sum at iteration 74 is 2775
[2026-03-10T15:55:34.755346][main][Launcher]: Sum at iteration 75 is 2850
[2026-03-10T15:55:34.7563493][main][Launcher]: Sum at iteration 76 is 2926
[2026-03-10T15:55:34.7573509][main][Launcher]: Sum at iteration 77 is 3003
[2026-03-10T15:55:34.7583643][main][Launcher]: Sum at iteration 78 is 3081
[2026-03-10T15:55:34.7593485][main][Launcher]: Sum at iteration 79 is 3160
[2026-03-10T15:55:34.760352][main][Launcher]: Sum at iteration 80 is 3240
[2026-03-10T15:55:34.760352][main][Launcher]: Sum at iteration 81 is 3321
[2026-03-10T15:55:34.7613462][main][Launcher]: Sum at iteration 82 is 3403
[2026-03-10T15:55:34.7623466][main][Launcher]: Sum at iteration 83 is 3486
[2026-03-10T15:55:34.7623466][main][Launcher]: Sum at iteration 84 is 3570
[2026-03-10T15:55:34.7633439][main][Launcher]: Sum at iteration 85 is 3655
[2026-03-10T15:55:34.7643453][main][Launcher]: Sum at iteration 86 is 3741
[2026-03-10T15:55:34.7643453][main][Launcher]: Sum at iteration 87 is 3828
[2026-03-10T15:55:34.7653462][main][Launcher]: Sum at iteration 88 is 3916
[2026-03-10T15:55:34.7653462][main][Launcher]: Sum at iteration 89 is 4005
[2026-03-10T15:55:34.7663441][main][Launcher]: Sum at iteration 90 is 4095
[2026-03-10T15:55:34.7663441][main][Launcher]: Sum at iteration 91 is 4186
[2026-03-10T15:55:34.7663441][main][Launcher]: Sum at iteration 92 is 4278
[2026-03-10T15:55:34.7673454][main][Launcher]: Sum at iteration 93 is 4371
[2026-03-10T15:55:34.7683491][main][Launcher]: Sum at iteration 94 is 4465
[2026-03-10T15:55:34.7683491][main][Launcher]: Sum at iteration 95 is 4560
[2026-03-10T15:55:34.769347][main][Launcher]: Sum at iteration 96 is 4656
[2026-03-10T15:55:34.769347][main][Launcher]: Sum at iteration 97 is 4753
[2026-03-10T15:55:34.769347][main][Launcher]: Sum at iteration 98 is 4851
[2026-03-10T15:55:34.7703474][main][Launcher]: Sum at iteration 99 is 4950
[2026-03-10T15:55:34.7713476][main][Launcher]: Sum at iteration 100 is 5050
[2026-03-10T15:55:34.7713476][main][Launcher]: Sum = 5050
[2026-03-10T15:55:34.7723474][main][Launcher]: Application finished
